Mplus VERSION 8.8
MUTHEN & MUTHEN
06/11/2022  11:25 PM

INPUT INSTRUCTIONS

  TITLE: Associative Latent Transition Model
    DATA: FILE = main_data.csv;
    VARIABLE:
      NAMES = ID t_m e_m t_c e_c delin1-delin6 crime1-crime6 gender;
      USEVARIABLES = delin1-delin4 crime1-crime4;
      CATEGORICAL = delin1-delin4 crime1-crime4;
      CLASSES =
        C_del1(2) C_cri1(2) C_del2(3) C_cri2(3)
        C_del3(3) C_cri3(3) C_del4(3) C_cri4(3);
      !MISSING = all(-99);

    ANALYSIS:
      TYPE = MIXTURE;
      STARTS = 0;

    MODEL:
      %OVERALL%

        C_cri2#2 ON C_del1#1 (a01);
        C_cri3#2 ON C_del1#1 (a02);
        C_cri4#2 ON C_del1#1 (a03);

        C_cri3#2 ON C_del2#2 (a11);
        C_cri4#2 ON C_del2#2 (a12);

    	  C_cri4#2 ON C_del3#2 (a21);

        C_del2#2 ON C_cri1#1 (b01);
        C_del3#2 ON C_cri1#1 (b02);
        C_del4#2 ON C_cri1#1 (b03);

        C_del3#2 ON C_cri2#2 (b11);
        C_del4#2 ON C_cri2#2 (b12);

    	  C_del4#2 ON C_cri3#2 (b21);

        C_del2#1 ON C_del1#1@30;
        C_del2#2 ON C_del1#1@-30;
        C_del3#1 ON C_del2#1@30  C_del2#2@30;
        C_del3#2 ON C_del2#1@-30 C_del2#2@-30;
    	  C_del4#1 ON C_del3#1@30  C_del3#2@30;
        C_del4#2 ON C_del3#1@-30 C_del3#2@-30;
    	
    	  C_cri2#1 ON C_cri1#1@30;
        C_cri2#2 ON C_cri1#1@-30;
        C_cri3#1 ON C_cri2#1@30  C_cri2#2@30;
        C_cri3#2 ON C_cri2#1@-30 C_cri2#2@-30;
    	  C_cri4#1 ON C_cri3#1@30  C_cri3#2@30;
        C_cri4#2 ON C_cri3#1@-30 C_cri3#2@-30;

        [C_del1#1] (delh1);
        [C_del3#2] (delh2);
        [C_del2#2] (delh3);
    	  [C_del4#2] (delh4);

        [C_del3#1@-30];
        [C_del2#1@-30];  	
        [C_del4#1@-30];

        [C_cri1#1] (crih1);
        [C_cri2#2] (crih2);
        [C_cri3#2] (crih3);
     	  [C_cri4#2] (crih4);

        [C_cri2#1@-30];
        [C_cri3#1@-30];
    	  [C_cri4#1@-30];

      Model C_del1:

        %C_del1#1% !event;
          [delin1$1@-15];

        %C_del1#2% !before-event;
          [delin1$1@15];

      Model C_del2:

        %C_del2#1% !censored;
          [delin2$1@15];
          [delin2$2@30];

        %C_del2#2% !event;
          [delin2$1@-30];
          [delin2$2@-20];

        %C_del2#3% !before-event;
          [delin2$1@-30];
          [delin2$2@30];

      Model C_del3:

        %C_del3#1% !censored;
          [delin3$1@15];
          [delin3$2@30];

        %C_del3#2% !event;
          [delin3$1@-30];
          [delin3$2@-20];

        %C_del3#3% !before-event;
          [delin3$1@-30];
          [delin3$2@30];

      Model C_del4:

        %C_del4#1% !censored;
          [delin4$1@15];
          [delin4$2@30];

        %C_del4#2% !event;
          [delin4$1@-30];
          [delin4$2@-20];

        %C_del4#3% !before-event;
          [delin4$1@-30];
          [delin4$2@30];
    	
      Model C_cri1:

        %C_cri1#1% !event;
          [crime1$1@-15];

        %C_cri1#2% !before-event;
          [crime1$1@15];

      Model C_cri2:

        %C_cri2#1% !censored;
          [crime2$1@15];
          [crime2$2@30];

        %C_cri2#2% !event;
          [crime2$1@-30];
          [crime2$2@-20];

        %C_cri2#3% !before-event;
          [crime2$1@-30];
          [crime2$2@30];

      Model C_cri3:

        %C_cri3#1% !censored;
          [crime3$1@15];
          [crime3$2@30];

        %C_cri3#2% !event;
          [crime3$1@-30];
          [crime3$2@-20];

        %C_cri3#3% !before-event;
          [crime3$1@-30];
          [crime3$2@30];

      Model C_cri4:

        %C_cri4#1% !censored;
          [crime4$1@15];
          [crime4$2@30];

        %C_cri4#2% !event;
          [crime4$1@-30];
          [crime4$2@-20];

        %C_cri4#3% !before-event;
          [crime4$1@-30];
          [crime4$2@30];

    MODEL TEST:
    ! For condition 1
      0 = delh1 - crih1;
      0 = delh2 - crih2;
      0 = delh3 - crih3;
      0 = delh4 - crih4;



INPUT READING TERMINATED NORMALLY



Associative Latent Transition Model

SUMMARY OF ANALYSIS

Number of groups                                                 1
Number of observations                                        2351

Number of dependent variables                                    8
Number of independent variables                                  0
Number of continuous latent variables                            0
Number of categorical latent variables                           8

Observed dependent variables

  Binary and ordered categorical (ordinal)
   DELIN1      DELIN2      DELIN3      DELIN4      CRIME1      CRIME2
   CRIME3      CRIME4

Categorical latent variables
   C_DEL1      C_CRI1      C_DEL2      C_CRI2      C_DEL3      C_CRI3
   C_DEL4      C_CRI4


Estimator                                                      MLR
Information matrix                                        OBSERVED
Optimization Specifications for the Quasi-Newton Algorithm for
Continuous Outcomes
  Maximum number of iterations                                 100
  Convergence criterion                                  0.100D-05
Optimization Specifications for the EM Algorithm
  Maximum number of iterations                                 500
  Convergence criteria
    Loglikelihood change                                 0.100D-03
    Relative loglikelihood change                        0.100D-05
    Derivative                                           0.100D-03
Optimization Specifications for the M step of the EM Algorithm for
Categorical Latent variables
  Number of M step iterations                                    1
  M step convergence criterion                           0.100D-03
  Basis for M step termination                           ITERATION
Optimization Specifications for the M step of the EM Algorithm for
Censored, Binary or Ordered Categorical (Ordinal), Unordered
Categorical (Nominal) and Count Outcomes
  Number of M step iterations                                    1
  M step convergence criterion                           0.100D-03
  Basis for M step termination                           ITERATION
  Maximum value for logit thresholds                            15
  Minimum value for logit thresholds                           -15
  Minimum expected cell size for chi-square              0.100D-01
Optimization algorithm                                         EMA
Parameterization                                             LOGIT
Link                                                         LOGIT

Input data file(s)
  main_data.csv
Input data format  FREE


UNIVARIATE PROPORTIONS AND COUNTS FOR CATEGORICAL VARIABLES

    DELIN1
      Category 1    0.849         1996.000
      Category 2    0.151          355.000
    DELIN2
      Category 1    0.151          355.000
      Category 2    0.771         1813.000
      Category 3    0.078          183.000
    DELIN3
      Category 1    0.229          538.000
      Category 2    0.687         1614.000
      Category 3    0.085          199.000
    DELIN4
      Category 1    0.313          737.000
      Category 2    0.607         1428.000
      Category 3    0.079          186.000
    CRIME1
      Category 1    0.930         2186.000
      Category 2    0.070          165.000
    CRIME2
      Category 1    0.070          165.000
      Category 2    0.896         2106.000
      Category 3    0.034           80.000
    CRIME3
      Category 1    0.104          245.000
      Category 2    0.872         2049.000
      Category 3    0.024           57.000
    CRIME4
      Category 1    0.128          302.000
      Category 2    0.854         2008.000
      Category 3    0.017           41.000



THE MODEL ESTIMATION TERMINATED NORMALLY



MODEL FIT INFORMATION

Number of Free Parameters                       20

Loglikelihood

          H0 Value                       -5804.656
          H0 Scaling Correction Factor      1.0000
            for MLR

Information Criteria

          Akaike (AIC)                   11649.312
          Bayesian (BIC)                 11764.564
          Sample-Size Adjusted BIC       11701.020
            (n* = (n + 2) / 24)

Chi-Square Test of Model Fit for the Binary and Ordered Categorical
(Ordinal) Outcomes

          Pearson Chi-Square

          Value                          32252.277
          Degrees of Freedom                  2895
          P-Value                           0.0000

          Likelihood Ratio Chi-Square

          Value                           3610.598
          Degrees of Freedom                  2895
          P-Value                           0.0000

Wald Test of Parameter Constraints

          Value                            400.771
          Degrees of Freedom                     4
          P-Value                           0.0000



FINAL CLASS COUNTS AND PROPORTIONS FOR EACH LATENT CLASS VARIABLE
BASED ON THE ESTIMATED MODEL

  Latent Class
    Variable    Class

    C_DEL1         1       355.00003          0.15100
                   2      1995.99988          0.84900
    C_CRI1         1       165.00002          0.07018
                   2      2186.00024          0.92982
    C_DEL2         1       177.50003          0.07550
                   2       189.30351          0.08052
                   3      1984.19653          0.84398
    C_CRI2         1        82.50002          0.03509
                   2        84.64486          0.03600
                   3      2183.85522          0.92890
    C_DEL3         1       183.40176          0.07801
                   2       224.68272          0.09557
                   3      1942.91553          0.82642
    C_CRI3         1        83.57245          0.03555
                   2        64.26481          0.02734
                   3      2203.16284          0.93712
    C_DEL4         1       204.04224          0.08679
                   2       234.97890          0.09995
                   3      1911.97900          0.81326
    C_CRI4         1        73.91863          0.03144
                   2        49.47837          0.02105
                   3      2227.60303          0.94751


CLASSIFICATION QUALITY

     Entropy                         1.000


LATENT CLASS INDICATOR MEANS AND PROBABILITIES FOR EACH LATENT CLASS

     MEAN/PROBABILITY PROFILES FOR C_DEL1
                   Latent class
                     1      2
     DELIN1
       Category 1  0.000  1.000
       Category 2  1.000  0.000

     MEAN/PROBABILITY PROFILES FOR C_CRI1
                   Latent class
                     1      2
     CRIME1
       Category 1  0.000  1.000
       Category 2  1.000  0.000

     MEAN/PROBABILITY PROFILES FOR C_DEL2
                       Latent class
                     1      2      3
     DELIN2
       Category 1  1.000  0.000  0.000
       Category 2  0.000  0.000  1.000
       Category 3  0.000  1.000  0.000

     MEAN/PROBABILITY PROFILES FOR C_CRI2
                       Latent class
                     1      2      3
     CRIME2
       Category 1  1.000  0.000  0.000
       Category 2  0.000  0.000  1.000
       Category 3  0.000  1.000  0.000

     MEAN/PROBABILITY PROFILES FOR C_DEL3
                       Latent class
                     1      2      3
     DELIN3
       Category 1  1.000  0.000  0.000
       Category 2  0.000  0.000  1.000
       Category 3  0.000  1.000  0.000

     MEAN/PROBABILITY PROFILES FOR C_CRI3
                       Latent class
                     1      2      3
     CRIME3
       Category 1  1.000  0.000  0.000
       Category 2  0.000  0.000  1.000
       Category 3  0.000  1.000  0.000

     MEAN/PROBABILITY PROFILES FOR C_DEL4
                       Latent class
                     1      2      3
     DELIN4
       Category 1  1.000  0.000  0.000
       Category 2  0.000  0.000  1.000
       Category 3  0.000  1.000  0.000

     MEAN/PROBABILITY PROFILES FOR C_CRI4
                       Latent class
                     1      2      3
     CRIME4
       Category 1  1.000  0.000  0.000
       Category 2  0.000  0.000  1.000
       Category 3  0.000  1.000  0.000


LATENT TRANSITION PROBABILITIES BASED ON THE ESTIMATED MODEL

  C_DEL1 Classes (Rows) by C_CRI1 Classes (Columns)

            1        2

   1     0.070    0.930
   2     0.070    0.930

  C_CRI1 Classes (Rows) by C_DEL2 Classes (Columns)

            1        2        3

   1     0.075    0.146    0.779
   2     0.075    0.076    0.849

  C_DEL2 Classes (Rows) by C_CRI2 Classes (Columns)

            1        2        3

   1     0.035    0.084    0.881
   2     0.064    0.026    0.911
   3     0.032    0.033    0.935

  C_CRI2 Classes (Rows) by C_DEL3 Classes (Columns)

            1        2        3

   1     0.111    0.132    0.757
   2     0.117    0.137    0.746
   3     0.075    0.093    0.832

  C_DEL3 Classes (Rows) by C_CRI3 Classes (Columns)

            1        2        3

   1     0.052    0.061    0.887
   2     0.050    0.020    0.930
   3     0.032    0.025    0.943

  C_CRI3 Classes (Rows) by C_DEL4 Classes (Columns)

            1        2        3

   1     0.124    0.141    0.735
   2     0.123    0.206    0.671
   3     0.084    0.095    0.820

  C_DEL4 Classes (Rows) by C_CRI4 Classes (Columns)

            1        2        3

   1     0.045    0.041    0.914
   2     0.053    0.016    0.931
   3     0.027    0.020    0.953


C-SPECIFIC CLASSIFICATION RESULTS

Classification Quality for C_DEL1

     Entropy                         1.000

Average Latent Class Probabilities for Most Likely Latent Class Membership (Row)
by Latent Class (Column)

           1        2

    1   1.000    0.000
    2   0.000    1.000


Classification Probabilities for the Most Likely Latent Class Membership (Column)
by Latent Class (Row)

           1        2

    1   1.000    0.000
    2   0.000    1.000


Logits for the Classification Probabilities for the Most Likely Latent Class Membership (Column)
by Latent Class (Row)

              1        2

    1     13.816    0.000
    2    -13.816    0.000

Classification Quality for C_CRI1

     Entropy                         1.000

Average Latent Class Probabilities for Most Likely Latent Class Membership (Row)
by Latent Class (Column)

           1        2

    1   1.000    0.000
    2   0.000    1.000


Classification Probabilities for the Most Likely Latent Class Membership (Column)
by Latent Class (Row)

           1        2

    1   1.000    0.000
    2   0.000    1.000


Logits for the Classification Probabilities for the Most Likely Latent Class Membership (Column)
by Latent Class (Row)

              1        2

    1     13.816    0.000
    2    -13.816    0.000

Classification Quality for C_DEL2

     Entropy                         1.000

Average Latent Class Probabilities for Most Likely Latent Class Membership (Row)
by Latent Class (Column)

           1        2        3

    1   1.000    0.000    0.000
    2   0.000    1.000    0.000
    3   0.000    0.000    1.000


Classification Probabilities for the Most Likely Latent Class Membership (Column)
by Latent Class (Row)

           1        2        3

    1   1.000    0.000    0.000
    2   0.000    1.000    0.000
    3   0.000    0.000    1.000


Logits for the Classification Probabilities for the Most Likely Latent Class Membership (Column)
by Latent Class (Row)

              1        2        3

    1     13.816    0.000    0.000
    2      0.000   13.816    0.000
    3    -13.816  -13.816    0.000

Classification Quality for C_CRI2

     Entropy                         1.000

Average Latent Class Probabilities for Most Likely Latent Class Membership (Row)
by Latent Class (Column)

           1        2        3

    1   1.000    0.000    0.000
    2   0.000    1.000    0.000
    3   0.000    0.000    1.000


Classification Probabilities for the Most Likely Latent Class Membership (Column)
by Latent Class (Row)

           1        2        3

    1   1.000    0.000    0.000
    2   0.000    1.000    0.000
    3   0.000    0.000    1.000


Logits for the Classification Probabilities for the Most Likely Latent Class Membership (Column)
by Latent Class (Row)

              1        2        3

    1     13.816    0.000    0.000
    2      0.000   13.816    0.000
    3    -13.816  -13.816    0.000

Classification Quality for C_DEL3

     Entropy                         1.000

Average Latent Class Probabilities for Most Likely Latent Class Membership (Row)
by Latent Class (Column)

           1        2        3

    1   1.000    0.000    0.000
    2   0.000    1.000    0.000
    3   0.000    0.000    1.000


Classification Probabilities for the Most Likely Latent Class Membership (Column)
by Latent Class (Row)

           1        2        3

    1   1.000    0.000    0.000
    2   0.000    1.000    0.000
    3   0.000    0.000    1.000


Logits for the Classification Probabilities for the Most Likely Latent Class Membership (Column)
by Latent Class (Row)

              1        2        3

    1     13.816    0.000    0.000
    2      0.000   13.816    0.000
    3    -13.816  -13.816    0.000

Classification Quality for C_CRI3

     Entropy                         1.000

Average Latent Class Probabilities for Most Likely Latent Class Membership (Row)
by Latent Class (Column)

           1        2        3

    1   1.000    0.000    0.000
    2   0.000    1.000    0.000
    3   0.000    0.000    1.000


Classification Probabilities for the Most Likely Latent Class Membership (Column)
by Latent Class (Row)

           1        2        3

    1   1.000    0.000    0.000
    2   0.000    1.000    0.000
    3   0.000    0.000    1.000


Logits for the Classification Probabilities for the Most Likely Latent Class Membership (Column)
by Latent Class (Row)

              1        2        3

    1     13.816    0.000    0.000
    2      0.000   13.816    0.000
    3    -13.816  -13.816    0.000

Classification Quality for C_DEL4

     Entropy                         1.000

Average Latent Class Probabilities for Most Likely Latent Class Membership (Row)
by Latent Class (Column)

           1        2        3

    1   1.000    0.000    0.000
    2   0.000    1.000    0.000
    3   0.000    0.000    1.000


Classification Probabilities for the Most Likely Latent Class Membership (Column)
by Latent Class (Row)

           1        2        3

    1   1.000    0.000    0.000
    2   0.000    1.000    0.000
    3   0.000    0.000    1.000


Logits for the Classification Probabilities for the Most Likely Latent Class Membership (Column)
by Latent Class (Row)

              1        2        3

    1     13.816    0.000    0.000
    2      0.000   13.816    0.000
    3    -13.816  -13.816    0.000

Classification Quality for C_CRI4

     Entropy                         1.000

Average Latent Class Probabilities for Most Likely Latent Class Membership (Row)
by Latent Class (Column)

           1        2        3

    1   1.000    0.000    0.000
    2   0.000    1.000    0.000
    3   0.000    0.000    1.000


Classification Probabilities for the Most Likely Latent Class Membership (Column)
by Latent Class (Row)

           1        2        3

    1   1.000    0.000    0.000
    2   0.000    1.000    0.000
    3   0.000    0.000    1.000


Logits for the Classification Probabilities for the Most Likely Latent Class Membership (Column)
by Latent Class (Row)

              1        2        3

    1     13.816    0.000    0.000
    2      0.000   13.816    0.000
    3    -13.816  -13.816    0.000


MODEL RESULTS

                                                    Two-Tailed
                    Estimate       S.E.  Est./S.E.    P-Value

Parameters for Class-specific Model Parts of C_DEL1

Latent Class C_DEL1#1

 Thresholds
    DELIN1$1         -15.000      0.000    999.000    999.000

Latent Class C_DEL1#2

 Thresholds
    DELIN1$1          15.000      0.000    999.000    999.000

Parameters for Class-specific Model Parts of C_CRI1

Latent Class C_CRI1#1

 Thresholds
    CRIME1$1         -15.000      0.000    999.000    999.000

Latent Class C_CRI1#2

 Thresholds
    CRIME1$1          15.000      0.000    999.000    999.000

Parameters for Class-specific Model Parts of C_DEL2

Latent Class C_DEL2#1

 Thresholds
    DELIN2$1          15.000      0.000    999.000    999.000
    DELIN2$2          30.000      0.000    999.000    999.000

Latent Class C_DEL2#2

 Thresholds
    DELIN2$1         -30.000      0.000    999.000    999.000
    DELIN2$2         -20.000      0.000    999.000    999.000

Latent Class C_DEL2#3

 Thresholds
    DELIN2$1         -30.000      0.000    999.000    999.000
    DELIN2$2          30.000      0.000    999.000    999.000

Parameters for Class-specific Model Parts of C_CRI2

Latent Class C_CRI2#1

 Thresholds
    CRIME2$1          15.000      0.000    999.000    999.000
    CRIME2$2          30.000      0.000    999.000    999.000

Latent Class C_CRI2#2

 Thresholds
    CRIME2$1         -30.000      0.000    999.000    999.000
    CRIME2$2         -20.000      0.000    999.000    999.000

Latent Class C_CRI2#3

 Thresholds
    CRIME2$1         -30.000      0.000    999.000    999.000
    CRIME2$2          30.000      0.000    999.000    999.000

Parameters for Class-specific Model Parts of C_DEL3

Latent Class C_DEL3#1

 Thresholds
    DELIN3$1          15.000      0.000    999.000    999.000
    DELIN3$2          30.000      0.000    999.000    999.000

Latent Class C_DEL3#2

 Thresholds
    DELIN3$1         -30.000      0.000    999.000    999.000
    DELIN3$2         -20.000      0.000    999.000    999.000

Latent Class C_DEL3#3

 Thresholds
    DELIN3$1         -30.000      0.000    999.000    999.000
    DELIN3$2          30.000      0.000    999.000    999.000

Parameters for Class-specific Model Parts of C_CRI3

Latent Class C_CRI3#1

 Thresholds
    CRIME3$1          15.000      0.000    999.000    999.000
    CRIME3$2          30.000      0.000    999.000    999.000

Latent Class C_CRI3#2

 Thresholds
    CRIME3$1         -30.000      0.000    999.000    999.000
    CRIME3$2         -20.000      0.000    999.000    999.000

Latent Class C_CRI3#3

 Thresholds
    CRIME3$1         -30.000      0.000    999.000    999.000
    CRIME3$2          30.000      0.000    999.000    999.000

Parameters for Class-specific Model Parts of C_DEL4

Latent Class C_DEL4#1

 Thresholds
    DELIN4$1          15.000      0.000    999.000    999.000
    DELIN4$2          30.000      0.000    999.000    999.000

Latent Class C_DEL4#2

 Thresholds
    DELIN4$1         -30.000      0.000    999.000    999.000
    DELIN4$2         -20.000      0.000    999.000    999.000

Latent Class C_DEL4#3

 Thresholds
    DELIN4$1         -30.000      0.000    999.000    999.000
    DELIN4$2          30.000      0.000    999.000    999.000

Parameters for Class-specific Model Parts of C_CRI4

Latent Class C_CRI4#1

 Thresholds
    CRIME4$1          15.000      0.000    999.000    999.000
    CRIME4$2          30.000      0.000    999.000    999.000

Latent Class C_CRI4#2

 Thresholds
    CRIME4$1         -30.000      0.000    999.000    999.000
    CRIME4$2         -20.000      0.000    999.000    999.000

Latent Class C_CRI4#3

 Thresholds
    CRIME4$1         -30.000      0.000    999.000    999.000
    CRIME4$2          30.000      0.000    999.000    999.000

Categorical Latent Variables

 C_CRI2#2 ON
    C_DEL1#1           1.186      0.257      4.622      0.000
    C_CRI1#1         -30.000      0.000    999.000    999.000

 C_CRI3#2 ON
    C_DEL1#1           1.472      0.310      4.743      0.000
    C_DEL2#2           1.304      0.389      3.352      0.001
    C_CRI2#1         -30.000      0.000    999.000    999.000
    C_CRI2#2         -30.000      0.000    999.000    999.000

 C_CRI4#2 ON
    C_DEL1#1           1.365      0.398      3.431      0.001
    C_DEL2#2           1.320      0.477      2.765      0.006
    C_DEL3#2           1.103      0.476      2.319      0.020
    C_CRI3#1         -30.000      0.000    999.000    999.000
    C_CRI3#2         -30.000      0.000    999.000    999.000

 C_DEL2#2 ON
    C_CRI1#1           0.753      0.341      2.210      0.027
    C_DEL1#1         -30.000      0.000    999.000    999.000

 C_DEL3#2 ON
    C_CRI1#1           0.537      0.374      1.435      0.151
    C_CRI2#2           0.598      0.500      1.196      0.232
    C_DEL2#1         -30.000      0.000    999.000    999.000
    C_DEL2#2         -30.000      0.000    999.000    999.000

 C_DEL4#2 ON
    C_CRI1#1           0.017      0.482      0.034      0.973
    C_CRI2#2           1.029      0.482      2.137      0.033
    C_CRI3#2           1.090      0.682      1.598      0.110
    C_DEL3#1         -30.000      0.000    999.000    999.000
    C_DEL3#2         -30.000      0.000    999.000    999.000

 C_DEL2#1 ON
    C_DEL1#1          30.000      0.000    999.000    999.000

 C_DEL3#1 ON
    C_DEL2#1          30.000      0.000    999.000    999.000
    C_DEL2#2          30.000      0.000    999.000    999.000

 C_DEL4#1 ON
    C_DEL3#1          30.000      0.000    999.000    999.000
    C_DEL3#2          30.000      0.000    999.000    999.000

 C_CRI2#1 ON
    C_CRI1#1          30.000      0.000    999.000    999.000

 C_CRI3#1 ON
    C_CRI2#1          30.000      0.000    999.000    999.000
    C_CRI2#2          30.000      0.000    999.000    999.000

 C_CRI4#1 ON
    C_CRI3#1          30.000      0.000    999.000    999.000
    C_CRI3#2          30.000      0.000    999.000    999.000

 Means
    C_DEL1#1          -1.727      0.058    -29.978      0.000
    C_CRI1#1          -2.584      0.081    -32.005      0.000
    C_DEL2#1         -30.000      0.000    999.000    999.000
    C_DEL2#2          -2.326      0.080    -29.110      0.000
    C_CRI2#1         -30.000      0.000    999.000    999.000
    C_CRI2#2          -3.493      0.134    -25.982      0.000
    C_DEL3#1         -30.000      0.000    999.000    999.000
    C_DEL3#2          -2.124      0.078    -27.299      0.000
    C_CRI3#1         -30.000      0.000    999.000    999.000
    C_CRI3#2          -4.005      0.181    -22.098      0.000
    C_DEL4#1         -30.000      0.000    999.000    999.000
    C_DEL4#2          -2.071      0.081    -25.591      0.000
    C_CRI4#1         -30.000      0.000    999.000    999.000
    C_CRI4#2          -4.380      0.231    -18.975      0.000


QUALITY OF NUMERICAL RESULTS

     Condition Number for the Information Matrix              0.643E-02
       (ratio of smallest to largest eigenvalue)


RESULTS IN PROBABILITY SCALE

                                                    Two-Tailed
                    Estimate       S.E.  Est./S.E.    P-Value

Results for Class-specific Model Parts of C_DEL1

Latent Class C_DEL1#1

 DELIN1
    Category 1         0.000      0.000      0.000      1.000
    Category 2         1.000      0.000      0.000      1.000

Latent Class C_DEL1#2

 DELIN1
    Category 1         1.000      0.000      0.000      1.000
    Category 2         0.000      0.000      0.000      1.000

Results for Class-specific Model Parts of C_CRI1

Latent Class C_CRI1#1

 CRIME1
    Category 1         0.000      0.000      0.000      1.000
    Category 2         1.000      0.000      0.000      1.000

Latent Class C_CRI1#2

 CRIME1
    Category 1         1.000      0.000      0.000      1.000
    Category 2         0.000      0.000      0.000      1.000

Results for Class-specific Model Parts of C_DEL2

Latent Class C_DEL2#1

 DELIN2
    Category 1         1.000      0.000      0.000      1.000
    Category 2         0.000      0.000      0.000      1.000
    Category 3         0.000      0.000      0.000      1.000

Latent Class C_DEL2#2

 DELIN2
    Category 1         0.000      0.000      0.000      1.000
    Category 2         0.000      0.000      0.000      1.000
    Category 3         1.000      0.000      0.000      1.000

Latent Class C_DEL2#3

 DELIN2
    Category 1         0.000      0.000      0.000      1.000
    Category 2         1.000      0.000      0.000      1.000
    Category 3         0.000      0.000      0.000      1.000

Results for Class-specific Model Parts of C_CRI2

Latent Class C_CRI2#1

 CRIME2
    Category 1         1.000      0.000      0.000      1.000
    Category 2         0.000      0.000      0.000      1.000
    Category 3         0.000      0.000      0.000      1.000

Latent Class C_CRI2#2

 CRIME2
    Category 1         0.000      0.000      0.000      1.000
    Category 2         0.000      0.000      0.000      1.000
    Category 3         1.000      0.000      0.000      1.000

Latent Class C_CRI2#3

 CRIME2
    Category 1         0.000      0.000      0.000      1.000
    Category 2         1.000      0.000      0.000      1.000
    Category 3         0.000      0.000      0.000      1.000

Results for Class-specific Model Parts of C_DEL3

Latent Class C_DEL3#1

 DELIN3
    Category 1         1.000      0.000      0.000      1.000
    Category 2         0.000      0.000      0.000      1.000
    Category 3         0.000      0.000      0.000      1.000

Latent Class C_DEL3#2

 DELIN3
    Category 1         0.000      0.000      0.000      1.000
    Category 2         0.000      0.000      0.000      1.000
    Category 3         1.000      0.000      0.000      1.000

Latent Class C_DEL3#3

 DELIN3
    Category 1         0.000      0.000      0.000      1.000
    Category 2         1.000      0.000      0.000      1.000
    Category 3         0.000      0.000      0.000      1.000

Results for Class-specific Model Parts of C_CRI3

Latent Class C_CRI3#1

 CRIME3
    Category 1         1.000      0.000      0.000      1.000
    Category 2         0.000      0.000      0.000      1.000
    Category 3         0.000      0.000      0.000      1.000

Latent Class C_CRI3#2

 CRIME3
    Category 1         0.000      0.000      0.000      1.000
    Category 2         0.000      0.000      0.000      1.000
    Category 3         1.000      0.000      0.000      1.000

Latent Class C_CRI3#3

 CRIME3
    Category 1         0.000      0.000      0.000      1.000
    Category 2         1.000      0.000      0.000      1.000
    Category 3         0.000      0.000      0.000      1.000

Results for Class-specific Model Parts of C_DEL4

Latent Class C_DEL4#1

 DELIN4
    Category 1         1.000      0.000      0.000      1.000
    Category 2         0.000      0.000      0.000      1.000
    Category 3         0.000      0.000      0.000      1.000

Latent Class C_DEL4#2

 DELIN4
    Category 1         0.000      0.000      0.000      1.000
    Category 2         0.000      0.000      0.000      1.000
    Category 3         1.000      0.000      0.000      1.000

Latent Class C_DEL4#3

 DELIN4
    Category 1         0.000      0.000      0.000      1.000
    Category 2         1.000      0.000      0.000      1.000
    Category 3         0.000      0.000      0.000      1.000

Results for Class-specific Model Parts of C_CRI4

Latent Class C_CRI4#1

 CRIME4
    Category 1         1.000      0.000      0.000      1.000
    Category 2         0.000      0.000      0.000      1.000
    Category 3         0.000      0.000      0.000      1.000

Latent Class C_CRI4#2

 CRIME4
    Category 1         0.000      0.000      0.000      1.000
    Category 2         0.000      0.000      0.000      1.000
    Category 3         1.000      0.000      0.000      1.000

Latent Class C_CRI4#3

 CRIME4
    Category 1         0.000      0.000      0.000      1.000
    Category 2         1.000      0.000      0.000      1.000
    Category 3         0.000      0.000      0.000      1.000


DIAGRAM INFORMATION

  Mplus diagrams are currently not available for Mixture analysis.
  No diagram output was produced.


     Beginning Time:  23:25:36
        Ending Time:  23:25:44
       Elapsed Time:  00:00:08



MUTHEN & MUTHEN
3463 Stoner Ave.
Los Angeles, CA  90066

Tel: (310) 391-9971
Fax: (310) 391-8971
Web: www.StatModel.com
Support: Support@StatModel.com

Copyright (c) 1998-2022 Muthen & Muthen
